*** Starting uWSGI 2.0.11.2 (32bit) on [Wed Feb 24 22:10:06 2016] ***
compiled with version: 4.8.4 on 12 November 2015 19:20:45
os: Linux-3.19.0-25-generic #26~14.04.1-Ubuntu SMP Fri Jul 24 21:18:00 UTC 2015
nodename: gonza-VirtualBox
machine: i686
clock source: unix
detected number of CPU cores: 1
current working directory: /home/gonza/Desktop/proyecto_soft/Webbot
detected binary path: /usr/local/bin/uwsgi
!!! no internal routing support, rebuild with pcre support !!!
*** WARNING: you are running uWSGI without its master process manager ***
your processes number limit is 15966
your memory page size is 4096 bytes
detected max file descriptor number: 1024
lock engine: pthread robust mutexes
thunder lock: disabled (you can enable it with --thunder-lock)
uwsgi socket 0 bound to TCP address :8001 fd 3
Python version: 2.7.6 (default, Jun 22 2015, 18:03:54)  [GCC 4.8.2]
*** Python threads support is disabled. You can enable it with --enable-threads ***
Python main interpreter initialized at 0x91db518
your server socket listen backlog is limited to 100 connections
your mercy for graceful operations on workers is 60 seconds
mapped 63984 bytes (62 KB) for 1 cores
*** Operational MODE: single process ***
WSGI app 0 (mountpoint='') ready in 1 seconds on interpreter 0x91db518 pid: 5174 (default app)
*** uWSGI is running in multiple interpreter mode ***
spawned uWSGI worker 1 (and the only) (pid: 5174, cores: 1)
1005
number of matches= 1
[pid: 5174|app: 0|req: 1/1] 10.0.2.2 () {40 vars in 675 bytes} [Thu Feb 25 01:10:18 2016] GET /get/id%3D1005/ => generated 305 bytes in 19 msecs (HTTP/1.1 200) 2 headers in 80 bytes (1 switches on core 0)
[pid: 5174|app: 0|req: 2/2] 10.0.2.2 () {38 vars in 636 bytes} [Thu Feb 25 01:10:21 2016] GET /get/list/ => generated 1030120 bytes in 288 msecs (HTTP/1.1 200) 2 headers in 80 bytes (1 switches on core 0)
[pid: 5174|app: 0|req: 3/3] 10.0.2.2 () {38 vars in 638 bytes} [Thu Feb 25 01:11:51 2016] GET /get/id=234 => generated 0 bytes in 0 msecs (HTTP/1.1 301) 3 headers in 154 bytes (1 switches on core 0)
234
number of matches= 1
[pid: 5174|app: 0|req: 4/4] 10.0.2.2 () {38 vars in 642 bytes} [Thu Feb 25 01:11:51 2016] GET /get/id%3D234/ => generated 387 bytes in 2 msecs (HTTP/1.1 200) 2 headers in 80 bytes (1 switches on core 0)
